mode: atomic
github.com/mlange-42/bbn/cmd/bbni/main.go:11.13,12.48 1 0
github.com/mlange-42/bbn/cmd/bbni/main.go:12.48,16.3 3 0
github.com/mlange-42/bbn/cmd/bbni/main.go:20.35,33.68 5 0
github.com/mlange-42/bbn/cmd/bbni/main.go:33.68,35.4 1 0
github.com/mlange-42/bbn/cmd/bbni/main.go:36.55,38.18 2 0
github.com/mlange-42/bbn/cmd/bbni/main.go:38.18,40.5 1 0
github.com/mlange-42/bbn/cmd/bbni/main.go:42.4,43.28 2 0
github.com/mlange-42/bbn/cmd/bbni/main.go:43.28,45.5 1 0
github.com/mlange-42/bbn/cmd/bbni/main.go:47.4,48.18 2 0
github.com/mlange-42/bbn/cmd/bbni/main.go:51.2,58.14 6 0
github.com/mlange-42/bbn/ve/factor.go:16.27,18.2 1 0
github.com/mlange-42/bbn/ve/factor.go:21.35,23.2 1 54
github.com/mlange-42/bbn/ve/factor.go:26.41,28.2 1 15
github.com/mlange-42/bbn/ve/factor.go:31.43,33.2 1 811
github.com/mlange-42/bbn/ve/factor.go:38.61,40.2 1 3
github.com/mlange-42/bbn/ve/factor.go:44.53,46.2 1 22
github.com/mlange-42/bbn/ve/factor.go:51.53,52.40 1 4
github.com/mlange-42/bbn/ve/factor.go:52.40,53.106 1 0
github.com/mlange-42/bbn/ve/factor.go:55.2,59.16 5 4
github.com/mlange-42/bbn/ve/factor.go:59.16,63.3 3 8
github.com/mlange-42/bbn/ve/factor.go:64.2,64.18 1 4
github.com/mlange-42/bbn/ve/factor.go:68.45,71.2 2 579
github.com/mlange-42/bbn/ve/factor.go:74.52,77.2 2 35
github.com/mlange-42/bbn/ve/factor.go:82.47,85.2 2 0
github.com/mlange-42/bbn/ve/factor.go:91.51,92.28 1 811
github.com/mlange-42/bbn/ve/factor.go:92.28,93.92 1 0
github.com/mlange-42/bbn/ve/factor.go:95.2,95.17 1 811
github.com/mlange-42/bbn/ve/factor.go:95.17,97.3 1 10
github.com/mlange-42/bbn/ve/factor.go:99.2,104.16 5 801
github.com/mlange-42/bbn/ve/factor.go:104.16,108.3 3 871
github.com/mlange-42/bbn/ve/factor.go:109.2,109.12 1 801
github.com/mlange-42/bbn/ve/factor.go:115.69,116.28 1 3
github.com/mlange-42/bbn/ve/factor.go:116.28,117.92 1 0
github.com/mlange-42/bbn/ve/factor.go:119.2,119.17 1 3
github.com/mlange-42/bbn/ve/factor.go:119.17,121.3 1 0
github.com/mlange-42/bbn/ve/factor.go:123.2,125.13 3 3
github.com/mlange-42/bbn/ve/factor.go:125.13,127.3 1 1
github.com/mlange-42/bbn/ve/factor.go:129.2,132.16 3 2
github.com/mlange-42/bbn/ve/factor.go:132.16,134.18 2 2
github.com/mlange-42/bbn/ve/factor.go:134.18,136.4 1 0
github.com/mlange-42/bbn/ve/factor.go:137.3,139.9 3 2
github.com/mlange-42/bbn/ve/factor.go:141.2,141.18 1 2
github.com/mlange-42/bbn/ve/factor.go:145.61,146.28 1 22
github.com/mlange-42/bbn/ve/factor.go:146.28,147.92 1 0
github.com/mlange-42/bbn/ve/factor.go:149.2,149.17 1 22
github.com/mlange-42/bbn/ve/factor.go:149.17,151.3 1 0
github.com/mlange-42/bbn/ve/factor.go:153.2,159.16 6 22
github.com/mlange-42/bbn/ve/factor.go:159.16,164.3 4 31
github.com/mlange-42/bbn/ve/factor.go:167.51,169.16 2 466
github.com/mlange-42/bbn/ve/factor.go:169.16,171.45 2 833
github.com/mlange-42/bbn/ve/factor.go:171.45,174.4 2 423
github.com/mlange-42/bbn/ve/factor.go:174.9,175.9 1 410
github.com/mlange-42/bbn/ve/variable.go:21.29,23.2 1 1
github.com/mlange-42/bbn/ve/variable.go:26.40,28.2 1 152
github.com/mlange-42/bbn/ve/variable.go:32.54,35.2 2 1
github.com/mlange-42/bbn/ve/variable.go:40.43,42.2 1 2
github.com/mlange-42/bbn/ve/variables.go:17.32,21.2 1 23
github.com/mlange-42/bbn/ve/variables.go:24.86,25.28 1 73
github.com/mlange-42/bbn/ve/variables.go:25.28,26.67 1 0
github.com/mlange-42/bbn/ve/variables.go:28.2,35.40 2 73
github.com/mlange-42/bbn/ve/variables.go:41.74,44.25 3 122
github.com/mlange-42/bbn/ve/variables.go:44.25,47.3 2 243
github.com/mlange-42/bbn/ve/variables.go:48.2,48.17 1 122
github.com/mlange-42/bbn/ve/variables.go:48.17,50.3 1 61
github.com/mlange-42/bbn/ve/variables.go:50.8,51.24 1 61
github.com/mlange-42/bbn/ve/variables.go:51.24,52.92 1 0
github.com/mlange-42/bbn/ve/variables.go:56.2,62.3 2 122
github.com/mlange-42/bbn/ve/variables.go:66.84,67.62 1 8
github.com/mlange-42/bbn/ve/variables.go:67.62,68.133 1 0
github.com/mlange-42/bbn/ve/variables.go:70.2,74.29 4 8
github.com/mlange-42/bbn/ve/variables.go:74.29,75.39 1 18
github.com/mlange-42/bbn/ve/variables.go:75.39,77.4 1 8
github.com/mlange-42/bbn/ve/variables.go:77.9,80.4 2 10
github.com/mlange-42/bbn/ve/variables.go:83.2,83.13 1 8
github.com/mlange-42/bbn/ve/variables.go:83.13,84.68 1 0
github.com/mlange-42/bbn/ve/variables.go:87.2,92.27 4 8
github.com/mlange-42/bbn/ve/variables.go:92.27,93.35 1 44
github.com/mlange-42/bbn/ve/variables.go:93.35,94.29 1 21
github.com/mlange-42/bbn/ve/variables.go:94.29,96.5 1 18
github.com/mlange-42/bbn/ve/variables.go:97.4,97.45 1 21
github.com/mlange-42/bbn/ve/variables.go:97.45,99.5 1 11
github.com/mlange-42/bbn/ve/variables.go:100.4,100.25 1 21
github.com/mlange-42/bbn/ve/variables.go:103.3,103.34 1 44
github.com/mlange-42/bbn/ve/variables.go:106.2,106.13 1 8
github.com/mlange-42/bbn/ve/variables.go:110.65,115.29 4 21
github.com/mlange-42/bbn/ve/variables.go:115.29,116.39 1 62
github.com/mlange-42/bbn/ve/variables.go:116.39,118.4 1 21
github.com/mlange-42/bbn/ve/variables.go:118.9,121.4 2 41
github.com/mlange-42/bbn/ve/variables.go:124.2,124.13 1 21
github.com/mlange-42/bbn/ve/variables.go:124.13,125.68 1 0
github.com/mlange-42/bbn/ve/variables.go:128.2,133.27 4 21
github.com/mlange-42/bbn/ve/variables.go:133.27,134.28 1 192
github.com/mlange-42/bbn/ve/variables.go:134.28,136.4 1 170
github.com/mlange-42/bbn/ve/variables.go:137.3,137.44 1 192
github.com/mlange-42/bbn/ve/variables.go:137.44,139.4 1 278
github.com/mlange-42/bbn/ve/variables.go:140.3,143.34 3 192
github.com/mlange-42/bbn/ve/variables.go:146.2,146.13 1 21
github.com/mlange-42/bbn/ve/variables.go:150.65,154.29 3 5
github.com/mlange-42/bbn/ve/variables.go:154.29,155.39 1 10
github.com/mlange-42/bbn/ve/variables.go:155.39,157.4 1 5
github.com/mlange-42/bbn/ve/variables.go:157.9,159.4 1 5
github.com/mlange-42/bbn/ve/variables.go:162.2,162.13 1 5
github.com/mlange-42/bbn/ve/variables.go:162.13,163.68 1 0
github.com/mlange-42/bbn/ve/variables.go:165.2,178.34 10 5
github.com/mlange-42/bbn/ve/variables.go:178.34,180.29 2 14
github.com/mlange-42/bbn/ve/variables.go:180.29,183.29 2 30
github.com/mlange-42/bbn/ve/variables.go:183.29,185.5 1 34
github.com/mlange-42/bbn/ve/variables.go:186.4,186.45 1 30
github.com/mlange-42/bbn/ve/variables.go:186.45,188.5 1 6
github.com/mlange-42/bbn/ve/variables.go:189.4,190.32 2 30
github.com/mlange-42/bbn/ve/variables.go:192.3,193.29 2 14
github.com/mlange-42/bbn/ve/variables.go:193.29,194.22 1 30
github.com/mlange-42/bbn/ve/variables.go:194.22,198.5 3 20
github.com/mlange-42/bbn/ve/variables.go:198.10,198.30 1 10
github.com/mlange-42/bbn/ve/variables.go:198.30,200.5 1 0
github.com/mlange-42/bbn/ve/variables.go:203.3,203.27 1 14
github.com/mlange-42/bbn/ve/variables.go:203.27,204.47 1 0
github.com/mlange-42/bbn/ve/variables.go:207.3,208.34 2 14
github.com/mlange-42/bbn/ve/variables.go:208.34,211.4 2 14
github.com/mlange-42/bbn/ve/variables.go:213.3,213.30 1 14
github.com/mlange-42/bbn/ve/variables.go:216.2,216.13 1 5
github.com/mlange-42/bbn/ve/variables.go:220.71,221.40 1 7
github.com/mlange-42/bbn/ve/variables.go:221.40,222.57 1 0
github.com/mlange-42/bbn/ve/variables.go:225.2,227.31 3 7
github.com/mlange-42/bbn/ve/variables.go:227.31,228.33 1 15
github.com/mlange-42/bbn/ve/variables.go:228.33,230.4 1 8
github.com/mlange-42/bbn/ve/variables.go:231.3,232.14 2 15
github.com/mlange-42/bbn/ve/variables.go:232.14,233.67 1 0
github.com/mlange-42/bbn/ve/variables.go:235.3,235.19 1 15
github.com/mlange-42/bbn/ve/variables.go:237.2,237.15 1 7
github.com/mlange-42/bbn/ve/variables.go:237.15,239.3 1 3
github.com/mlange-42/bbn/ve/variables.go:241.2,245.27 4 4
github.com/mlange-42/bbn/ve/variables.go:245.27,246.32 1 24
github.com/mlange-42/bbn/ve/variables.go:246.32,248.4 1 48
github.com/mlange-42/bbn/ve/variables.go:249.3,251.37 2 24
github.com/mlange-42/bbn/ve/variables.go:254.2,254.13 1 4
github.com/mlange-42/bbn/ve/variables.go:258.56,259.23 1 22
github.com/mlange-42/bbn/ve/variables.go:259.23,261.3 1 5
github.com/mlange-42/bbn/ve/variables.go:263.2,265.28 3 17
github.com/mlange-42/bbn/ve/variables.go:265.28,267.33 2 43
github.com/mlange-42/bbn/ve/variables.go:267.33,269.15 2 68
github.com/mlange-42/bbn/ve/variables.go:269.15,272.5 2 41
github.com/mlange-42/bbn/ve/variables.go:273.4,273.14 1 68
github.com/mlange-42/bbn/ve/variables.go:275.3,275.14 1 43
github.com/mlange-42/bbn/ve/variables.go:278.2,281.28 3 17
github.com/mlange-42/bbn/ve/variables.go:281.28,283.3 1 43
github.com/mlange-42/bbn/ve/variables.go:285.2,286.24 2 17
github.com/mlange-42/bbn/ve/variables.go:286.24,288.32 2 166
github.com/mlange-42/bbn/ve/variables.go:288.32,291.26 3 428
github.com/mlange-42/bbn/ve/variables.go:291.26,293.5 1 812
github.com/mlange-42/bbn/ve/variables.go:294.4,294.31 1 428
github.com/mlange-42/bbn/ve/variables.go:296.3,298.34 2 166
github.com/mlange-42/bbn/ve/variables.go:301.2,301.10 1 17
github.com/mlange-42/bbn/ve/variables.go:305.52,306.23 1 6
github.com/mlange-42/bbn/ve/variables.go:306.23,308.3 1 3
github.com/mlange-42/bbn/ve/variables.go:310.2,312.28 3 3
github.com/mlange-42/bbn/ve/variables.go:312.28,314.33 2 7
github.com/mlange-42/bbn/ve/variables.go:314.33,316.15 2 16
github.com/mlange-42/bbn/ve/variables.go:316.15,319.5 2 13
github.com/mlange-42/bbn/ve/variables.go:320.4,320.14 1 16
github.com/mlange-42/bbn/ve/variables.go:322.3,322.14 1 7
github.com/mlange-42/bbn/ve/variables.go:325.2,328.28 3 3
github.com/mlange-42/bbn/ve/variables.go:328.28,330.3 1 7
github.com/mlange-42/bbn/ve/variables.go:332.2,333.24 2 3
github.com/mlange-42/bbn/ve/variables.go:333.24,335.32 2 30
github.com/mlange-42/bbn/ve/variables.go:335.32,338.26 3 66
github.com/mlange-42/bbn/ve/variables.go:338.26,340.5 1 150
github.com/mlange-42/bbn/ve/variables.go:341.4,341.27 1 66
github.com/mlange-42/bbn/ve/variables.go:343.3,345.34 2 30
github.com/mlange-42/bbn/ve/variables.go:348.2,348.10 1 3
github.com/mlange-42/bbn/ve/variables.go:352.67,354.29 2 3
github.com/mlange-42/bbn/ve/variables.go:354.29,355.39 1 4
github.com/mlange-42/bbn/ve/variables.go:355.39,357.9 2 3
github.com/mlange-42/bbn/ve/variables.go:361.2,361.13 1 3
github.com/mlange-42/bbn/ve/variables.go:361.13,362.68 1 0
github.com/mlange-42/bbn/ve/variables.go:365.2,370.27 4 3
github.com/mlange-42/bbn/ve/variables.go:370.27,373.3 2 10
github.com/mlange-42/bbn/ve/variables.go:374.2,374.13 1 3
github.com/mlange-42/bbn/ve/variables.go:378.49,382.30 3 3
github.com/mlange-42/bbn/ve/variables.go:382.30,384.3 1 7
github.com/mlange-42/bbn/ve/variables.go:389.2,389.27 1 3
github.com/mlange-42/bbn/ve/variables.go:389.27,391.3 1 7
github.com/mlange-42/bbn/ve/variables.go:393.2,393.13 1 3
github.com/mlange-42/bbn/ve/variables.go:398.71,400.29 2 2
github.com/mlange-42/bbn/ve/variables.go:400.29,401.39 1 3
github.com/mlange-42/bbn/ve/variables.go:401.39,403.9 2 2
github.com/mlange-42/bbn/ve/variables.go:407.2,407.13 1 2
github.com/mlange-42/bbn/ve/variables.go:407.13,408.68 1 0
github.com/mlange-42/bbn/ve/variables.go:411.2,412.27 2 2
github.com/mlange-42/bbn/ve/variables.go:412.27,414.3 1 1
github.com/mlange-42/bbn/ve/variables.go:415.2,415.46 1 2
github.com/mlange-42/bbn/ve/variables.go:415.46,417.3 1 1
github.com/mlange-42/bbn/ve/variables.go:418.2,424.28 5 2
github.com/mlange-42/bbn/ve/variables.go:424.28,426.31 2 5
github.com/mlange-42/bbn/ve/variables.go:426.31,428.4 1 12
github.com/mlange-42/bbn/ve/variables.go:429.3,429.15 1 5
github.com/mlange-42/bbn/ve/variables.go:429.15,430.12 1 0
github.com/mlange-42/bbn/ve/variables.go:432.3,432.31 1 5
github.com/mlange-42/bbn/ve/variables.go:432.31,434.4 1 12
github.com/mlange-42/bbn/ve/variables.go:437.2,437.13 1 2
github.com/mlange-42/bbn/ve/variables.go:441.46,444.30 2 1
github.com/mlange-42/bbn/ve/variables.go:444.30,449.3 1 3
github.com/mlange-42/bbn/ve/variables.go:451.2,451.13 1 1
github.com/mlange-42/bbn/ve/ve.go:29.111,31.28 2 8
github.com/mlange-42/bbn/ve/ve.go:31.28,33.3 1 24
github.com/mlange-42/bbn/ve/ve.go:35.2,41.3 1 8
github.com/mlange-42/bbn/ve/ve.go:45.38,47.2 1 0
github.com/mlange-42/bbn/ve/ve.go:50.41,52.43 2 13
github.com/mlange-42/bbn/ve/ve.go:52.43,53.35 1 60
github.com/mlange-42/bbn/ve/ve.go:53.35,55.4 1 14
github.com/mlange-42/bbn/ve/ve.go:57.2,57.46 1 13
github.com/mlange-42/bbn/ve/ve.go:61.54,62.30 1 5
github.com/mlange-42/bbn/ve/ve.go:62.30,64.3 1 4
github.com/mlange-42/bbn/ve/ve.go:67.49,69.43 2 2
github.com/mlange-42/bbn/ve/ve.go:69.43,70.74 1 6
github.com/mlange-42/bbn/ve/ve.go:70.74,72.4 1 0
github.com/mlange-42/bbn/ve/ve.go:75.2,75.21 1 2
github.com/mlange-42/bbn/ve/ve.go:75.21,77.3 1 2
github.com/mlange-42/bbn/ve/ve.go:79.2,81.31 2 0
github.com/mlange-42/bbn/ve/ve.go:81.31,82.27 1 0
github.com/mlange-42/bbn/ve/ve.go:82.27,83.39 1 0
github.com/mlange-42/bbn/ve/ve.go:83.39,85.10 2 0
github.com/mlange-42/bbn/ve/ve.go:90.2,90.30 1 0
github.com/mlange-42/bbn/ve/ve.go:90.30,92.3 1 0
github.com/mlange-42/bbn/ve/ve.go:95.30,97.43 2 5
github.com/mlange-42/bbn/ve/ve.go:97.43,98.34 1 25
github.com/mlange-42/bbn/ve/ve.go:98.34,99.12 1 17
github.com/mlange-42/bbn/ve/ve.go:101.3,101.27 1 8
github.com/mlange-42/bbn/ve/ve.go:104.2,104.21 1 5
github.com/mlange-42/bbn/ve/ve.go:104.21,106.3 1 0
github.com/mlange-42/bbn/ve/ve.go:108.2,111.31 3 5
github.com/mlange-42/bbn/ve/ve.go:111.31,112.27 1 18
github.com/mlange-42/bbn/ve/ve.go:112.27,113.39 1 30
github.com/mlange-42/bbn/ve/ve.go:113.39,115.26 2 8
github.com/mlange-42/bbn/ve/ve.go:115.26,118.6 2 0
github.com/mlange-42/bbn/ve/ve.go:119.5,121.10 3 8
github.com/mlange-42/bbn/ve/ve.go:126.2,127.26 2 5
github.com/mlange-42/bbn/ve/ve.go:127.26,130.3 2 8
github.com/mlange-42/bbn/ve/ve.go:132.2,132.30 1 5
github.com/mlange-42/bbn/ve/ve.go:132.30,134.3 1 8
github.com/mlange-42/bbn/ve/ve.go:136.2,136.27 1 5
github.com/mlange-42/bbn/ve/ve.go:144.91,149.43 3 10
github.com/mlange-42/bbn/ve/ve.go:149.43,150.82 1 47
github.com/mlange-42/bbn/ve/ve.go:150.82,151.12 1 30
github.com/mlange-42/bbn/ve/ve.go:153.3,153.19 1 17
github.com/mlange-42/bbn/ve/ve.go:155.2,155.30 1 10
github.com/mlange-42/bbn/ve/ve.go:155.30,157.3 1 4
github.com/mlange-42/bbn/ve/ve.go:158.2,158.26 1 10
github.com/mlange-42/bbn/ve/ve.go:158.26,160.3 1 2
github.com/mlange-42/bbn/ve/ve.go:163.2,166.27 4 10
github.com/mlange-42/bbn/ve/ve.go:166.27,167.32 1 11
github.com/mlange-42/bbn/ve/ve.go:167.32,168.64 1 34
github.com/mlange-42/bbn/ve/ve.go:168.64,168.88 1 52
github.com/mlange-42/bbn/ve/ve.go:168.90,169.13 1 8
github.com/mlange-42/bbn/ve/ve.go:171.4,171.35 1 26
github.com/mlange-42/bbn/ve/ve.go:171.35,172.61 1 54
github.com/mlange-42/bbn/ve/ve.go:172.61,172.86 1 66
github.com/mlange-42/bbn/ve/ve.go:172.88,174.6 1 31
github.com/mlange-42/bbn/ve/ve.go:177.3,183.6 4 11
github.com/mlange-42/bbn/ve/ve.go:185.2,185.60 1 10
github.com/mlange-42/bbn/ve/ve.go:185.60,185.112 1 4
github.com/mlange-42/bbn/ve/ve.go:186.2,186.66 1 10
github.com/mlange-42/bbn/ve/ve.go:186.66,186.108 1 5
github.com/mlange-42/bbn/ve/ve.go:188.2,188.31 1 10
github.com/mlange-42/bbn/ve/ve.go:188.31,190.3 1 11
github.com/mlange-42/bbn/ve/ve.go:193.54,197.25 3 10
github.com/mlange-42/bbn/ve/ve.go:197.25,199.3 1 4
github.com/mlange-42/bbn/ve/ve.go:201.2,201.43 1 6
github.com/mlange-42/bbn/ve/ve.go:201.43,203.43 2 8
github.com/mlange-42/bbn/ve/ve.go:203.43,204.27 1 4
github.com/mlange-42/bbn/ve/ve.go:204.27,206.5 1 6
github.com/mlange-42/bbn/ve/ve.go:208.3,208.13 1 8
github.com/mlange-42/bbn/ve/ve.go:208.13,209.9 1 0
github.com/mlange-42/bbn/ve/ve.go:224.2,224.25 1 6
github.com/mlange-42/bbn/ve/ve.go:227.35,229.2 1 5
github.com/mlange-42/bbn/ve/ve.go:232.73,234.2 1 2
github.com/mlange-42/bbn/ve/ve.go:240.97,242.2 1 3
github.com/mlange-42/bbn/ve/ve.go:244.104,247.13 2 5
github.com/mlange-42/bbn/ve/ve.go:247.13,248.24 1 3
github.com/mlange-42/bbn/ve/ve.go:248.24,250.4 1 3
github.com/mlange-42/bbn/ve/ve.go:250.9,252.4 1 0
github.com/mlange-42/bbn/ve/ve.go:253.8,255.3 1 2
github.com/mlange-42/bbn/ve/ve.go:257.2,259.23 2 5
github.com/mlange-42/bbn/ve/ve.go:265.66,267.25 2 2
github.com/mlange-42/bbn/ve/ve.go:267.25,269.3 1 0
github.com/mlange-42/bbn/ve/ve.go:271.2,275.44 3 2
github.com/mlange-42/bbn/ve/ve.go:278.88,281.43 3 2
github.com/mlange-42/bbn/ve/ve.go:281.43,291.24 3 3
github.com/mlange-42/bbn/ve/ve.go:291.24,292.89 1 0
github.com/mlange-42/bbn/ve/ve.go:296.3,297.24 2 3
github.com/mlange-42/bbn/ve/ve.go:297.24,299.4 1 3
github.com/mlange-42/bbn/ve/ve.go:299.9,302.4 2 0
github.com/mlange-42/bbn/ve/ve.go:310.3,320.13 7 3
github.com/mlange-42/bbn/ve/ve.go:320.13,321.9 1 0
github.com/mlange-42/bbn/ve/ve.go:325.2,325.17 1 2
github.com/mlange-42/bbn/ve/ve.go:328.82,330.31 2 3
github.com/mlange-42/bbn/ve/ve.go:330.31,331.46 1 5
github.com/mlange-42/bbn/ve/ve.go:331.46,332.12 1 2
github.com/mlange-42/bbn/ve/ve.go:334.3,334.46 1 3
github.com/mlange-42/bbn/ve/ve.go:334.46,336.12 2 1
github.com/mlange-42/bbn/ve/ve.go:338.3,340.33 2 2
github.com/mlange-42/bbn/ve/ve.go:340.33,341.32 1 5
github.com/mlange-42/bbn/ve/ve.go:341.32,343.5 1 3
github.com/mlange-42/bbn/ve/ve.go:347.3,347.37 1 2
github.com/mlange-42/bbn/ve/ve.go:347.37,348.12 1 0
github.com/mlange-42/bbn/ve/ve.go:350.3,350.29 1 2
github.com/mlange-42/bbn/ve/ve.go:352.2,352.22 1 3
github.com/mlange-42/bbn/ve/ve.go:352.22,353.32 1 0
github.com/mlange-42/bbn/ve/ve.go:353.32,354.47 1 0
github.com/mlange-42/bbn/ve/ve.go:354.47,355.13 1 0
github.com/mlange-42/bbn/ve/ve.go:357.4,357.28 1 0
github.com/mlange-42/bbn/ve/ve.go:357.28,358.13 1 0
github.com/mlange-42/bbn/ve/ve.go:360.4,360.30 1 0
github.com/mlange-42/bbn/ve/ve.go:364.2,364.15 1 3
github.com/mlange-42/bbn/ve/ve.go:367.51,369.31 2 4
github.com/mlange-42/bbn/ve/ve.go:369.31,370.54 1 12
github.com/mlange-42/bbn/ve/ve.go:370.54,372.4 1 6
github.com/mlange-42/bbn/ve/ve.go:375.2,375.30 1 4
github.com/mlange-42/bbn/ve/ve.go:375.30,382.3 4 6
github.com/mlange-42/bbn/ve/ve.go:385.47,390.31 3 11
github.com/mlange-42/bbn/ve/ve.go:390.31,391.61 1 31
github.com/mlange-42/bbn/ve/ve.go:391.61,391.91 1 44
github.com/mlange-42/bbn/ve/ve.go:391.93,406.4 2 24
github.com/mlange-42/bbn/ve/ve.go:416.2,419.30 3 11
github.com/mlange-42/bbn/ve/ve.go:419.30,421.3 1 24
github.com/mlange-42/bbn/ve/ve.go:423.2,424.29 2 11
github.com/mlange-42/bbn/ve/ve.go:427.37,430.31 2 5
github.com/mlange-42/bbn/ve/ve.go:430.31,443.3 1 9
github.com/mlange-42/bbn/ve/ve.go:445.2,457.11 4 5
github.com/mlange-42/bbn/ve/ve.go:460.79,464.21 3 13
github.com/mlange-42/bbn/ve/ve.go:464.21,466.3 1 14
github.com/mlange-42/bbn/ve/ve.go:468.2,468.15 1 13
github.com/mlange-42/bbn/ve/ve.go:471.134,472.20 1 18
github.com/mlange-42/bbn/ve/ve.go:472.20,474.3 1 4
github.com/mlange-42/bbn/ve/ve.go:476.2,479.29 3 14
github.com/mlange-42/bbn/ve/ve.go:479.29,480.20 1 15
github.com/mlange-42/bbn/ve/ve.go:480.20,481.27 1 8
github.com/mlange-42/bbn/ve/ve.go:481.27,482.37 1 12
github.com/mlange-42/bbn/ve/ve.go:482.37,483.14 1 8
github.com/mlange-42/bbn/ve/ve.go:485.5,486.71 2 4
github.com/mlange-42/bbn/ve/ve.go:491.2,491.35 1 14
github.com/mlange-42/bbn/network.go:37.55,39.9 2 0
github.com/mlange-42/bbn/network.go:39.9,41.3 1 0
github.com/mlange-42/bbn/network.go:42.2,42.43 1 0
github.com/mlange-42/bbn/network.go:47.54,48.37 1 27
github.com/mlange-42/bbn/network.go:48.37,49.107 1 0
github.com/mlange-42/bbn/network.go:52.2,52.23 1 27
github.com/mlange-42/bbn/network.go:52.23,54.3 1 8
github.com/mlange-42/bbn/network.go:56.2,58.13 3 19
github.com/mlange-42/bbn/network.go:58.13,60.3 1 0
github.com/mlange-42/bbn/network.go:61.2,63.16 3 19
github.com/mlange-42/bbn/network.go:63.16,65.18 2 11
github.com/mlange-42/bbn/network.go:65.18,67.4 1 1
github.com/mlange-42/bbn/network.go:68.3,70.9 3 10
github.com/mlange-42/bbn/network.go:72.2,72.18 1 18
github.com/mlange-42/bbn/network.go:93.94,102.16 3 12
github.com/mlange-42/bbn/network.go:102.16,104.3 1 0
github.com/mlange-42/bbn/network.go:105.2,105.17 1 12
github.com/mlange-42/bbn/network.go:109.46,111.16 2 0
github.com/mlange-42/bbn/network.go:111.16,113.3 1 0
github.com/mlange-42/bbn/network.go:114.2,116.30 2 0
github.com/mlange-42/bbn/network.go:117.14,119.17 2 0
github.com/mlange-42/bbn/network.go:119.17,121.4 1 0
github.com/mlange-42/bbn/network.go:122.3,122.16 1 0
github.com/mlange-42/bbn/network.go:123.25,125.17 2 0
github.com/mlange-42/bbn/network.go:125.17,127.4 1 0
github.com/mlange-42/bbn/network.go:128.3,128.16 1 0
github.com/mlange-42/bbn/network.go:129.10,130.62 1 0
github.com/mlange-42/bbn/network.go:135.44,138.29 3 12
github.com/mlange-42/bbn/network.go:138.29,140.36 2 47
github.com/mlange-42/bbn/network.go:140.36,142.4 1 0
github.com/mlange-42/bbn/network.go:143.3,144.37 2 47
github.com/mlange-42/bbn/network.go:147.2,147.29 1 12
github.com/mlange-42/bbn/network.go:147.29,149.58 2 47
github.com/mlange-42/bbn/network.go:149.58,149.84 1 112
github.com/mlange-42/bbn/network.go:150.3,150.14 1 47
github.com/mlange-42/bbn/network.go:150.14,151.12 1 5
github.com/mlange-42/bbn/network.go:153.3,157.36 4 42
github.com/mlange-42/bbn/network.go:157.36,159.11 2 45
github.com/mlange-42/bbn/network.go:159.11,161.5 1 0
github.com/mlange-42/bbn/network.go:162.4,162.28 1 45
github.com/mlange-42/bbn/network.go:166.2,166.40 1 12
github.com/mlange-42/bbn/network.go:170.76,172.29 2 12
github.com/mlange-42/bbn/network.go:172.29,174.35 2 47
github.com/mlange-42/bbn/network.go:174.35,175.12 1 41
github.com/mlange-42/bbn/network.go:177.3,179.41 3 6
github.com/mlange-42/bbn/network.go:179.41,181.11 2 11
github.com/mlange-42/bbn/network.go:181.11,183.5 1 0
github.com/mlange-42/bbn/network.go:184.4,184.36 1 11
github.com/mlange-42/bbn/network.go:184.36,186.5 1 0
github.com/mlange-42/bbn/network.go:186.10,188.5 1 11
github.com/mlange-42/bbn/network.go:190.3,190.40 1 6
github.com/mlange-42/bbn/network.go:190.40,192.4 1 0
github.com/mlange-42/bbn/network.go:193.3,193.42 1 6
github.com/mlange-42/bbn/network.go:193.42,195.4 1 0
github.com/mlange-42/bbn/network.go:196.3,196.22 1 6
github.com/mlange-42/bbn/network.go:196.22,197.12 1 6
github.com/mlange-42/bbn/network.go:199.3,199.31 1 0
github.com/mlange-42/bbn/network.go:199.31,201.4 1 0
github.com/mlange-42/bbn/network.go:202.3,202.45 1 0
github.com/mlange-42/bbn/network.go:202.45,204.4 1 0
github.com/mlange-42/bbn/network.go:205.3,205.26 1 0
github.com/mlange-42/bbn/network.go:207.2,207.12 1 12
github.com/mlange-42/bbn/network.go:211.33,213.2 1 1
github.com/mlange-42/bbn/network.go:216.33,218.2 1 0
github.com/mlange-42/bbn/network.go:221.42,223.2 1 13
github.com/mlange-42/bbn/network.go:226.43,228.2 1 0
github.com/mlange-42/bbn/network.go:233.75,237.33 3 4
github.com/mlange-42/bbn/network.go:237.33,240.17 3 5
github.com/mlange-42/bbn/network.go:240.17,242.4 1 0
github.com/mlange-42/bbn/network.go:243.3,244.22 2 5
github.com/mlange-42/bbn/network.go:244.22,245.9 1 0
github.com/mlange-42/bbn/network.go:248.3,248.40 1 5
github.com/mlange-42/bbn/network.go:248.40,249.50 1 25
github.com/mlange-42/bbn/network.go:249.50,250.13 1 19
github.com/mlange-42/bbn/network.go:252.4,252.43 1 6
github.com/mlange-42/bbn/network.go:252.43,254.5 1 5
github.com/mlange-42/bbn/network.go:258.2,259.34 2 4
github.com/mlange-42/bbn/network.go:259.34,267.28 5 5
github.com/mlange-42/bbn/network.go:267.28,269.4 1 5
github.com/mlange-42/bbn/network.go:270.3,270.45 1 5
github.com/mlange-42/bbn/network.go:270.45,272.4 1 0
github.com/mlange-42/bbn/network.go:273.3,278.39 4 5
github.com/mlange-42/bbn/network.go:278.39,280.4 1 5
github.com/mlange-42/bbn/network.go:282.3,287.20 2 5
github.com/mlange-42/bbn/network.go:290.2,290.20 1 4
github.com/mlange-42/bbn/network.go:293.57,294.15 1 4
github.com/mlange-42/bbn/network.go:294.15,296.3 1 0
github.com/mlange-42/bbn/network.go:297.2,298.29 2 4
github.com/mlange-42/bbn/network.go:298.29,299.49 1 19
github.com/mlange-42/bbn/network.go:299.49,301.4 1 5
github.com/mlange-42/bbn/network.go:303.2,303.20 1 4
github.com/mlange-42/bbn/network.go:303.20,305.3 1 0
github.com/mlange-42/bbn/network.go:306.2,306.18 1 4
github.com/mlange-42/bbn/network.go:313.137,315.16 2 6
github.com/mlange-42/bbn/network.go:315.16,317.3 1 0
github.com/mlange-42/bbn/network.go:319.2,320.26 2 6
github.com/mlange-42/bbn/network.go:320.26,324.3 3 9
github.com/mlange-42/bbn/network.go:326.2,326.23 1 6
github.com/mlange-42/bbn/network.go:338.136,340.2 1 4
github.com/mlange-42/bbn/network.go:343.143,345.20 2 10
github.com/mlange-42/bbn/network.go:345.20,347.3 1 1
github.com/mlange-42/bbn/network.go:349.2,351.16 3 10
github.com/mlange-42/bbn/network.go:351.16,353.3 1 0
github.com/mlange-42/bbn/network.go:355.2,356.36 2 10
github.com/mlange-42/bbn/network.go:356.36,358.10 2 8
github.com/mlange-42/bbn/network.go:358.10,360.4 1 0
github.com/mlange-42/bbn/network.go:361.3,362.14 2 8
github.com/mlange-42/bbn/network.go:362.14,364.4 1 0
github.com/mlange-42/bbn/network.go:365.3,365.68 1 8
github.com/mlange-42/bbn/network.go:368.2,369.29 2 10
github.com/mlange-42/bbn/network.go:369.29,371.10 2 13
github.com/mlange-42/bbn/network.go:371.10,373.4 1 0
github.com/mlange-42/bbn/network.go:374.3,374.23 1 13
github.com/mlange-42/bbn/network.go:377.2,377.13 1 10
github.com/mlange-42/bbn/network.go:377.13,379.23 2 4
github.com/mlange-42/bbn/network.go:379.23,381.11 2 2
github.com/mlange-42/bbn/network.go:381.11,383.5 1 0
github.com/mlange-42/bbn/network.go:384.4,384.24 1 2
github.com/mlange-42/bbn/network.go:386.3,386.45 1 4
github.com/mlange-42/bbn/network.go:387.8,389.3 1 6
github.com/mlange-42/bbn/network.go:396.80,398.9 2 0
github.com/mlange-42/bbn/network.go:398.9,400.3 1 0
github.com/mlange-42/bbn/network.go:401.2,402.13 2 0
github.com/mlange-42/bbn/network.go:402.13,404.3 1 0
github.com/mlange-42/bbn/network.go:405.2,407.19 3 0
github.com/mlange-42/bbn/network.go:411.90,419.32 6 16
github.com/mlange-42/bbn/network.go:419.32,421.31 1 74
github.com/mlange-42/bbn/network.go:421.31,423.12 2 0
github.com/mlange-42/bbn/network.go:426.3,426.36 1 74
github.com/mlange-42/bbn/network.go:426.36,427.39 1 18
github.com/mlange-42/bbn/network.go:427.39,433.13 3 11
github.com/mlange-42/bbn/network.go:438.3,442.32 2 63
github.com/mlange-42/bbn/network.go:446.2,447.30 2 16
github.com/mlange-42/bbn/network.go:447.30,449.32 1 71
github.com/mlange-42/bbn/network.go:449.32,450.12 1 0
github.com/mlange-42/bbn/network.go:453.3,454.10 2 71
github.com/mlange-42/bbn/network.go:454.10,456.4 1 0
github.com/mlange-42/bbn/network.go:459.3,460.29 2 71
github.com/mlange-42/bbn/network.go:460.29,462.11 2 79
github.com/mlange-42/bbn/network.go:462.11,464.5 1 0
github.com/mlange-42/bbn/network.go:465.4,465.32 1 79
github.com/mlange-42/bbn/network.go:469.3,469.54 1 71
github.com/mlange-42/bbn/network.go:469.54,471.12 2 7
github.com/mlange-42/bbn/network.go:474.3,474.50 1 64
github.com/mlange-42/bbn/network.go:474.50,475.12 1 11
github.com/mlange-42/bbn/network.go:479.3,484.48 3 53
github.com/mlange-42/bbn/network.go:484.48,486.4 1 35
github.com/mlange-42/bbn/network.go:489.3,489.36 1 53
github.com/mlange-42/bbn/network.go:493.2,496.16 3 16
github.com/mlange-42/bbn/network.go:496.16,498.3 1 0
github.com/mlange-42/bbn/network.go:500.2,500.68 1 16
github.com/mlange-42/bbn/network.go:504.62,508.32 2 16
github.com/mlange-42/bbn/network.go:508.32,510.31 1 74
github.com/mlange-42/bbn/network.go:510.31,511.12 1 0
github.com/mlange-42/bbn/network.go:514.3,514.35 1 74
github.com/mlange-42/bbn/network.go:514.35,516.4 1 18
github.com/mlange-42/bbn/network.go:519.2,520.29 2 16
github.com/mlange-42/bbn/network.go:520.29,522.3 1 16
github.com/mlange-42/bbn/network.go:523.2,527.30 5 0
github.com/mlange-42/bbn/network.go:527.30,529.14 2 0
github.com/mlange-42/bbn/network.go:529.14,531.4 1 0
github.com/mlange-42/bbn/network.go:532.3,532.26 1 0
github.com/mlange-42/bbn/network.go:535.2,535.21 1 0
github.com/mlange-42/bbn/network.go:539.112,541.34 2 16
github.com/mlange-42/bbn/network.go:541.34,543.50 1 11
github.com/mlange-42/bbn/network.go:543.50,544.12 1 0
github.com/mlange-42/bbn/network.go:547.3,548.35 2 11
github.com/mlange-42/bbn/network.go:548.35,550.39 1 23
github.com/mlange-42/bbn/network.go:550.39,552.50 2 16
github.com/mlange-42/bbn/network.go:552.50,554.6 1 15
github.com/mlange-42/bbn/network.go:557.4,557.20 1 23
github.com/mlange-42/bbn/network.go:560.3,560.68 1 11
github.com/mlange-42/bbn/network.go:563.2,563.16 1 16
github.com/mlange-42/bbn/network.go:567.53,569.2 1 9
github.com/mlange-42/bbn/network.go:572.84,575.2 2 4
github.com/mlange-42/bbn/network.go:578.69,580.9 2 11
github.com/mlange-42/bbn/network.go:580.9,581.66 1 0
github.com/mlange-42/bbn/network.go:583.2,583.52 1 11
github.com/mlange-42/bbn/network.go:587.73,590.2 2 0
github.com/mlange-42/bbn/network.go:592.86,596.40 4 3
github.com/mlange-42/bbn/network.go:596.40,598.10 2 7
github.com/mlange-42/bbn/network.go:598.10,599.78 1 0
github.com/mlange-42/bbn/network.go:601.3,602.19 2 7
github.com/mlange-42/bbn/network.go:605.2,606.9 2 3
github.com/mlange-42/bbn/network.go:606.9,607.92 1 0
github.com/mlange-42/bbn/network.go:609.2,611.25 2 3
github.com/mlange-42/bbn/network.go:611.25,612.34 1 12
github.com/mlange-42/bbn/network.go:612.34,613.12 1 10
github.com/mlange-42/bbn/network.go:615.3,615.37 1 2
github.com/mlange-42/bbn/network.go:618.2,620.13 2 3
github.com/mlange-42/bbn/network.go:623.69,625.9 2 10
github.com/mlange-42/bbn/network.go:625.9,626.60 1 0
github.com/mlange-42/bbn/network.go:628.2,629.13 2 10
github.com/mlange-42/bbn/network.go:629.13,631.3 1 0
github.com/mlange-42/bbn/network.go:632.2,632.18 1 10
github.com/mlange-42/bbn/training.go:21.39,30.29 7 2
github.com/mlange-42/bbn/training.go:30.29,32.42 2 7
github.com/mlange-42/bbn/training.go:32.42,34.4 1 4
github.com/mlange-42/bbn/training.go:37.2,37.29 1 2
github.com/mlange-42/bbn/training.go:37.29,41.29 4 7
github.com/mlange-42/bbn/training.go:41.29,43.4 1 14
github.com/mlange-42/bbn/training.go:44.3,48.39 4 7
github.com/mlange-42/bbn/training.go:48.39,51.11 3 7
github.com/mlange-42/bbn/training.go:51.11,52.72 1 0
github.com/mlange-42/bbn/training.go:55.3,55.19 1 7
github.com/mlange-42/bbn/training.go:58.2,65.3 1 2
github.com/mlange-42/bbn/training.go:70.62,73.29 2 8
github.com/mlange-42/bbn/training.go:73.29,74.39 1 28
github.com/mlange-42/bbn/training.go:74.39,75.12 1 4
github.com/mlange-42/bbn/training.go:78.3,80.31 3 24
github.com/mlange-42/bbn/training.go:80.31,82.4 1 24
github.com/mlange-42/bbn/training.go:83.3,83.21 1 24
github.com/mlange-42/bbn/training.go:83.21,85.32 2 12
github.com/mlange-42/bbn/training.go:85.32,87.5 1 12
github.com/mlange-42/bbn/training.go:90.3,91.10 2 24
github.com/mlange-42/bbn/training.go:91.10,92.12 1 0
github.com/mlange-42/bbn/training.go:95.3,95.38 1 24
github.com/mlange-42/bbn/training.go:95.38,97.21 2 4
github.com/mlange-42/bbn/training.go:97.21,98.13 1 0
github.com/mlange-42/bbn/training.go:100.4,101.23 2 4
github.com/mlange-42/bbn/training.go:102.9,104.13 2 20
github.com/mlange-42/bbn/training.go:104.13,105.13 1 0
github.com/mlange-42/bbn/training.go:107.4,107.23 1 20
github.com/mlange-42/bbn/training.go:110.3,110.22 1 24
github.com/mlange-42/bbn/training.go:115.53,118.29 2 2
github.com/mlange-42/bbn/training.go:118.29,123.29 4 7
github.com/mlange-42/bbn/training.go:123.29,125.16 2 14
github.com/mlange-42/bbn/training.go:125.16,127.5 1 0
github.com/mlange-42/bbn/training.go:128.4,128.30 1 14
github.com/mlange-42/bbn/training.go:128.30,130.5 1 26
github.com/mlange-42/bbn/training.go:134.2,134.23 1 2
github.com/mlange-42/bbn/xml.go:35.51,42.16 5 1
github.com/mlange-42/bbn/xml.go:42.16,44.3 1 0
github.com/mlange-42/bbn/xml.go:46.2,47.44 2 1
github.com/mlange-42/bbn/xml.go:47.44,50.3 2 5
github.com/mlange-42/bbn/xml.go:52.2,54.52 3 1
github.com/mlange-42/bbn/xml.go:54.52,59.18 4 5
github.com/mlange-42/bbn/xml.go:59.18,60.37 1 5
github.com/mlange-42/bbn/xml.go:60.37,62.5 1 0
github.com/mlange-42/bbn/xml.go:65.3,66.17 2 5
github.com/mlange-42/bbn/xml.go:66.17,68.4 1 0
github.com/mlange-42/bbn/xml.go:69.3,70.10 2 5
github.com/mlange-42/bbn/xml.go:70.10,72.4 1 0
github.com/mlange-42/bbn/xml.go:74.3,82.27 3 5
github.com/mlange-42/bbn/xml.go:82.27,84.25 2 5
github.com/mlange-42/bbn/xml.go:84.25,86.19 2 20
github.com/mlange-42/bbn/xml.go:86.19,88.6 1 0
github.com/mlange-42/bbn/xml.go:89.5,89.17 1 20
github.com/mlange-42/bbn/xml.go:92.3,96.5 1 5
github.com/mlange-42/bbn/xml.go:99.2,99.57 1 1
github.com/mlange-42/bbn/xml.go:103.59,105.43 2 5
github.com/mlange-42/bbn/xml.go:105.43,107.67 2 5
github.com/mlange-42/bbn/xml.go:107.67,108.12 1 0
github.com/mlange-42/bbn/xml.go:110.3,113.22 4 5
github.com/mlange-42/bbn/xml.go:113.22,115.4 1 0
github.com/mlange-42/bbn/xml.go:116.3,118.17 3 5
github.com/mlange-42/bbn/xml.go:118.17,120.4 1 0
github.com/mlange-42/bbn/xml.go:121.3,122.17 2 5
github.com/mlange-42/bbn/xml.go:122.17,124.4 1 0
github.com/mlange-42/bbn/xml.go:125.3,126.20 2 5
github.com/mlange-42/bbn/xml.go:129.2,129.22 1 5
github.com/mlange-42/bbn/yml.go:51.49,58.16 6 2
github.com/mlange-42/bbn/yml.go:58.16,60.3 1 0
github.com/mlange-42/bbn/yml.go:62.2,64.34 3 2
github.com/mlange-42/bbn/yml.go:64.34,66.10 2 8
github.com/mlange-42/bbn/yml.go:66.10,68.4 1 0
github.com/mlange-42/bbn/yml.go:69.3,78.17 3 8
github.com/mlange-42/bbn/yml.go:78.17,80.4 1 0
github.com/mlange-42/bbn/yml.go:82.3,86.5 1 8
github.com/mlange-42/bbn/yml.go:89.2,89.52 1 2
github.com/mlange-42/bbn/yml.go:92.50,93.39 1 8
github.com/mlange-42/bbn/yml.go:93.39,95.3 1 0
github.com/mlange-42/bbn/yml.go:97.2,97.19 1 8
github.com/mlange-42/bbn/yml.go:97.19,99.23 2 7
github.com/mlange-42/bbn/yml.go:99.23,101.32 2 6
github.com/mlange-42/bbn/yml.go:101.32,103.5 1 14
github.com/mlange-42/bbn/yml.go:105.3,105.20 1 7
github.com/mlange-42/bbn/yml.go:108.2,110.9 3 1
github.com/mlange-42/bbn/yml.go:110.9,112.3 1 0
github.com/mlange-42/bbn/yml.go:113.2,114.34 2 1
github.com/mlange-42/bbn/yml.go:114.34,116.17 2 2
github.com/mlange-42/bbn/yml.go:116.17,118.4 1 0
github.com/mlange-42/bbn/yml.go:119.3,119.16 1 2
github.com/mlange-42/bbn/yml.go:121.2,122.16 2 1
github.com/mlange-42/bbn/yml.go:122.16,124.3 1 0
github.com/mlange-42/bbn/yml.go:126.2,127.16 2 1
github.com/mlange-42/bbn/yml.go:127.16,129.3 1 0
github.com/mlange-42/bbn/yml.go:130.2,130.19 1 1
github.com/mlange-42/bbn/yml.go:133.47,135.38 2 1
github.com/mlange-42/bbn/yml.go:135.38,139.24 3 3
github.com/mlange-42/bbn/yml.go:139.24,141.4 1 7
github.com/mlange-42/bbn/yml.go:143.3,150.4 1 3
github.com/mlange-42/bbn/yml.go:153.2,163.16 6 1
github.com/mlange-42/bbn/yml.go:163.16,165.3 1 0
github.com/mlange-42/bbn/yml.go:167.2,167.28 1 1
github.com/mlange-42/bbn/logic/bits.go:10.20,12.2 1 2
github.com/mlange-42/bbn/logic/bits.go:14.49,15.19 1 0
github.com/mlange-42/bbn/logic/bits.go:15.19,17.3 1 0
github.com/mlange-42/bbn/logic/bits.go:18.2,18.12 1 0
github.com/mlange-42/bbn/logic/bits.go:21.58,29.27 6 1
github.com/mlange-42/bbn/logic/bits.go:29.27,32.3 2 8
github.com/mlange-42/bbn/logic/bits.go:33.2,33.19 1 1
github.com/mlange-42/bbn/logic/count.go:14.32,17.37 1 2
github.com/mlange-42/bbn/logic/count.go:17.37,19.4 1 8
github.com/mlange-42/bbn/logic/count.go:24.34,27.37 1 2
github.com/mlange-42/bbn/logic/count.go:27.37,29.4 1 8
github.com/mlange-42/bbn/logic/count.go:34.37,37.37 1 2
github.com/mlange-42/bbn/logic/count.go:37.37,39.4 1 8
github.com/mlange-42/bbn/logic/count.go:43.50,44.20 1 3
github.com/mlange-42/bbn/logic/count.go:44.20,46.3 1 0
github.com/mlange-42/bbn/logic/count.go:47.2,48.12 2 3
github.com/mlange-42/bbn/logic/count.go:51.59,56.27 4 3
github.com/mlange-42/bbn/logic/count.go:56.27,58.29 2 24
github.com/mlange-42/bbn/logic/count.go:58.29,60.4 1 11
github.com/mlange-42/bbn/logic/count.go:60.9,62.4 1 13
github.com/mlange-42/bbn/logic/count.go:64.2,64.19 1 3
github.com/mlange-42/bbn/logic/count.go:70.25,72.2 1 2
github.com/mlange-42/bbn/logic/count.go:74.54,75.19 1 0
github.com/mlange-42/bbn/logic/count.go:75.19,77.3 1 0
github.com/mlange-42/bbn/logic/count.go:78.2,78.12 1 0
github.com/mlange-42/bbn/logic/count.go:81.63,87.27 5 1
github.com/mlange-42/bbn/logic/count.go:87.27,90.3 2 8
github.com/mlange-42/bbn/logic/count.go:91.2,91.19 1 1
github.com/mlange-42/bbn/logic/count.go:97.26,99.2 1 2
github.com/mlange-42/bbn/logic/count.go:101.55,102.19 1 0
github.com/mlange-42/bbn/logic/count.go:102.19,104.3 1 0
github.com/mlange-42/bbn/logic/count.go:105.2,105.12 1 0
github.com/mlange-42/bbn/logic/count.go:108.64,114.27 5 1
github.com/mlange-42/bbn/logic/count.go:114.27,117.3 2 8
github.com/mlange-42/bbn/logic/count.go:118.2,118.19 1 1
github.com/mlange-42/bbn/logic/factor.go:14.38,17.2 2 2
github.com/mlange-42/bbn/logic/given.go:12.28,16.2 1 2
github.com/mlange-42/bbn/logic/given.go:18.50,19.20 1 1
github.com/mlange-42/bbn/logic/given.go:19.20,21.3 1 0
github.com/mlange-42/bbn/logic/given.go:22.2,23.12 2 1
github.com/mlange-42/bbn/logic/given.go:26.59,31.27 4 1
github.com/mlange-42/bbn/logic/given.go:31.27,33.13 2 8
github.com/mlange-42/bbn/logic/given.go:33.13,35.4 1 4
github.com/mlange-42/bbn/logic/given.go:35.9,37.4 1 4
github.com/mlange-42/bbn/logic/given.go:39.2,39.19 1 1
github.com/mlange-42/bbn/logic/given.go:47.31,51.2 1 2
github.com/mlange-42/bbn/logic/given.go:53.53,54.20 1 1
github.com/mlange-42/bbn/logic/given.go:54.20,56.3 1 0
github.com/mlange-42/bbn/logic/given.go:57.2,58.12 2 1
github.com/mlange-42/bbn/logic/given.go:61.62,66.27 4 1
github.com/mlange-42/bbn/logic/given.go:66.27,68.14 2 8
github.com/mlange-42/bbn/logic/given.go:68.14,70.4 1 4
github.com/mlange-42/bbn/logic/given.go:70.9,72.4 1 4
github.com/mlange-42/bbn/logic/given.go:74.2,74.19 1 1
github.com/mlange-42/bbn/logic/given.go:82.32,86.2 1 2
github.com/mlange-42/bbn/logic/given.go:88.54,89.20 1 1
github.com/mlange-42/bbn/logic/given.go:89.20,91.3 1 0
github.com/mlange-42/bbn/logic/given.go:92.2,93.12 2 1
github.com/mlange-42/bbn/logic/given.go:96.63,101.27 4 1
github.com/mlange-42/bbn/logic/given.go:101.27,103.14 2 8
github.com/mlange-42/bbn/logic/given.go:103.14,105.12 2 4
github.com/mlange-42/bbn/logic/given.go:108.3,109.30 2 4
github.com/mlange-42/bbn/logic/given.go:109.30,110.20 1 8
github.com/mlange-42/bbn/logic/given.go:110.20,111.13 1 2
github.com/mlange-42/bbn/logic/given.go:113.4,113.27 1 6
github.com/mlange-42/bbn/logic/given.go:113.27,115.10 2 3
github.com/mlange-42/bbn/logic/given.go:118.3,118.17 1 4
github.com/mlange-42/bbn/logic/given.go:118.17,120.4 1 1
github.com/mlange-42/bbn/logic/given.go:120.9,122.4 1 3
github.com/mlange-42/bbn/logic/given.go:124.2,124.19 1 1
github.com/mlange-42/bbn/logic/outcome.go:14.39,19.2 1 2
github.com/mlange-42/bbn/logic/outcome.go:21.54,22.20 1 1
github.com/mlange-42/bbn/logic/outcome.go:22.20,24.3 1 0
github.com/mlange-42/bbn/logic/outcome.go:25.2,27.12 3 1
github.com/mlange-42/bbn/logic/outcome.go:30.63,31.16 1 1
github.com/mlange-42/bbn/logic/outcome.go:31.16,33.3 1 0
github.com/mlange-42/bbn/logic/outcome.go:35.2,36.32 2 1
github.com/mlange-42/bbn/logic/outcome.go:36.32,38.3 1 4
github.com/mlange-42/bbn/logic/outcome.go:39.2,42.19 3 1
github.com/mlange-42/bbn/logic/outcome.go:52.42,57.2 1 2
github.com/mlange-42/bbn/logic/outcome.go:59.57,60.20 1 1
github.com/mlange-42/bbn/logic/outcome.go:60.20,62.3 1 0
github.com/mlange-42/bbn/logic/outcome.go:63.2,65.12 3 1
github.com/mlange-42/bbn/logic/outcome.go:68.66,69.16 1 1
github.com/mlange-42/bbn/logic/outcome.go:69.16,71.3 1 0
github.com/mlange-42/bbn/logic/outcome.go:73.2,74.32 2 1
github.com/mlange-42/bbn/logic/outcome.go:74.32,76.3 1 4
github.com/mlange-42/bbn/logic/outcome.go:77.2,80.19 3 1
github.com/mlange-42/bbn/logic/outcome.go:90.49,95.2 1 2
github.com/mlange-42/bbn/logic/outcome.go:97.58,98.19 1 1
github.com/mlange-42/bbn/logic/outcome.go:98.19,100.3 1 0
github.com/mlange-42/bbn/logic/outcome.go:101.2,103.12 3 1
github.com/mlange-42/bbn/logic/outcome.go:106.67,107.16 1 1
github.com/mlange-42/bbn/logic/outcome.go:107.16,109.3 1 0
github.com/mlange-42/bbn/logic/outcome.go:111.2,112.32 2 1
github.com/mlange-42/bbn/logic/outcome.go:112.32,114.3 1 4
github.com/mlange-42/bbn/logic/outcome.go:115.2,115.32 1 1
github.com/mlange-42/bbn/logic/outcome.go:115.32,118.3 2 2
github.com/mlange-42/bbn/logic/outcome.go:120.2,120.19 1 1
github.com/mlange-42/bbn/logic/outcome.go:131.41,136.2 1 2
github.com/mlange-42/bbn/logic/outcome.go:138.56,139.20 1 1
github.com/mlange-42/bbn/logic/outcome.go:139.20,141.3 1 0
github.com/mlange-42/bbn/logic/outcome.go:142.2,144.12 3 1
github.com/mlange-42/bbn/logic/outcome.go:147.65,148.16 1 1
github.com/mlange-42/bbn/logic/outcome.go:148.16,150.3 1 0
github.com/mlange-42/bbn/logic/outcome.go:152.2,153.31 2 1
github.com/mlange-42/bbn/logic/outcome.go:153.31,155.3 1 2
github.com/mlange-42/bbn/logic/outcome.go:156.2,156.38 1 1
github.com/mlange-42/bbn/logic/outcome.go:156.38,158.3 1 2
github.com/mlange-42/bbn/logic/outcome.go:160.2,160.19 1 1
github.com/mlange-42/bbn/logic/outcome.go:171.44,176.2 1 2
github.com/mlange-42/bbn/logic/outcome.go:178.59,179.20 1 1
github.com/mlange-42/bbn/logic/outcome.go:179.20,181.3 1 0
github.com/mlange-42/bbn/logic/outcome.go:182.2,184.12 3 1
github.com/mlange-42/bbn/logic/outcome.go:187.68,188.16 1 1
github.com/mlange-42/bbn/logic/outcome.go:188.16,190.3 1 0
github.com/mlange-42/bbn/logic/outcome.go:192.2,193.31 2 1
github.com/mlange-42/bbn/logic/outcome.go:193.31,195.3 1 2
github.com/mlange-42/bbn/logic/outcome.go:196.2,196.38 1 1
github.com/mlange-42/bbn/logic/outcome.go:196.38,198.3 1 2
github.com/mlange-42/bbn/logic/outcome.go:200.2,200.19 1 1
github.com/mlange-42/bbn/logic/simple.go:7.49,8.19 1 0
github.com/mlange-42/bbn/logic/simple.go:8.19,10.3 1 0
github.com/mlange-42/bbn/logic/simple.go:11.2,11.12 1 0
github.com/mlange-42/bbn/logic/simple.go:14.58,16.26 2 9
github.com/mlange-42/bbn/logic/simple.go:16.26,18.3 1 1
github.com/mlange-42/bbn/logic/simple.go:20.2,21.24 2 8
github.com/mlange-42/bbn/logic/simple.go:21.24,22.8 1 34
github.com/mlange-42/bbn/logic/simple.go:22.8,24.4 1 20
github.com/mlange-42/bbn/logic/simple.go:24.9,26.4 1 14
github.com/mlange-42/bbn/logic/simple.go:28.2,28.19 1 8
github.com/mlange-42/bbn/logic/simple.go:33.50,34.19 1 0
github.com/mlange-42/bbn/logic/simple.go:34.19,36.3 1 0
github.com/mlange-42/bbn/logic/simple.go:37.2,37.12 1 0
github.com/mlange-42/bbn/logic/simple.go:40.59,42.30 2 1
github.com/mlange-42/bbn/logic/simple.go:42.30,44.3 1 0
github.com/mlange-42/bbn/logic/simple.go:45.2,45.41 1 1
github.com/mlange-42/bbn/logic/simple.go:55.19,57.2 1 3
github.com/mlange-42/bbn/logic/simple.go:68.19,70.2 1 3
github.com/mlange-42/bbn/logic/simple.go:81.22,83.2 1 1
github.com/mlange-42/bbn/logic/simple.go:94.22,96.2 1 1
github.com/mlange-42/bbn/logic/simple.go:107.25,109.2 1 1
github.com/mlange-42/bbn/logic/simple.go:120.18,122.2 1 2
github.com/mlange-42/bbn/logic/simple.go:133.21,135.2 1 1
github.com/mlange-42/bbn/logic/simple.go:146.21,148.2 1 1
github.com/mlange-42/bbn/logic/simple.go:159.24,161.2 1 1
github.com/mlange-42/bbn/logic/simple.go:172.19,174.2 1 1
github.com/mlange-42/bbn/logic/simple.go:185.20,187.2 1 2
github.com/mlange-42/bbn/logic/simple.go:198.23,200.2 1 1
github.com/mlange-42/bbn/logic/simple.go:211.23,213.2 1 1
github.com/mlange-42/bbn/logic/simple.go:224.26,226.2 1 1
github.com/mlange-42/bbn/logic/simple.go:237.22,239.2 1 2
github.com/mlange-42/bbn/logic/simple.go:248.22,250.2 1 2
github.com/mlange-42/bbn/logic/simple.go:259.25,261.2 1 1
github.com/mlange-42/bbn/logic/simple.go:270.25,272.2 1 1
github.com/mlange-42/bbn/logic/simple.go:281.28,283.2 1 1
github.com/mlange-42/bbn/logic/simple.go:292.22,294.2 1 1
github.com/mlange-42/bbn/logic/simple.go:303.25,305.2 1 1
github.com/mlange-42/bbn/internal/tui/app.go:39.104,40.21 1 0
github.com/mlange-42/bbn/internal/tui/app.go:40.21,42.3 1 0
github.com/mlange-42/bbn/internal/tui/app.go:43.2,48.3 1 0
github.com/mlange-42/bbn/internal/tui/app.go:51.27,53.16 2 0
github.com/mlange-42/bbn/internal/tui/app.go:53.16,55.3 1 0
github.com/mlange-42/bbn/internal/tui/app.go:57.2,60.26 3 0
github.com/mlange-42/bbn/internal/tui/app.go:60.26,62.17 2 0
github.com/mlange-42/bbn/internal/tui/app.go:62.17,64.4 1 0
github.com/mlange-42/bbn/internal/tui/app.go:67.2,69.26 3 0
github.com/mlange-42/bbn/internal/tui/app.go:69.26,72.3 2 0
github.com/mlange-42/bbn/internal/tui/app.go:74.2,75.16 2 0
github.com/mlange-42/bbn/internal/tui/app.go:75.16,77.3 1 0
github.com/mlange-42/bbn/internal/tui/app.go:79.2,79.30 1 0
github.com/mlange-42/bbn/internal/tui/app.go:79.30,83.3 3 0
github.com/mlange-42/bbn/internal/tui/app.go:85.2,86.16 2 0
github.com/mlange-42/bbn/internal/tui/app.go:86.16,88.3 1 0
github.com/mlange-42/bbn/internal/tui/app.go:90.2,125.28 24 0
github.com/mlange-42/bbn/internal/tui/app.go:125.28,127.3 1 0
github.com/mlange-42/bbn/internal/tui/app.go:129.2,129.37 1 0
github.com/mlange-42/bbn/internal/tui/app.go:129.37,131.3 1 0
github.com/mlange-42/bbn/internal/tui/app.go:133.2,133.12 1 0
github.com/mlange-42/bbn/internal/tui/app.go:136.30,138.28 2 0
github.com/mlange-42/bbn/internal/tui/app.go:138.28,140.3 1 0
github.com/mlange-42/bbn/internal/tui/app.go:141.2,143.26 3 0
github.com/mlange-42/bbn/internal/tui/app.go:143.26,146.3 2 0
github.com/mlange-42/bbn/internal/tui/app.go:149.31,183.2 6 0
github.com/mlange-42/bbn/internal/tui/app.go:185.45,204.2 7 0
github.com/mlange-42/bbn/internal/tui/app.go:206.46,226.2 8 0
github.com/mlange-42/bbn/internal/tui/app.go:228.45,249.2 9 0
github.com/mlange-42/bbn/internal/tui/app.go:251.45,272.2 9 0
github.com/mlange-42/bbn/internal/tui/bounds.go:10.39,14.2 1 8
github.com/mlange-42/bbn/internal/tui/bounds.go:16.42,18.2 1 5
github.com/mlange-42/bbn/internal/tui/bounds.go:20.40,22.2 1 1
github.com/mlange-42/bbn/internal/tui/bounds.go:24.40,25.19 1 2
github.com/mlange-42/bbn/internal/tui/bounds.go:25.19,28.3 2 1
github.com/mlange-42/bbn/internal/tui/bounds.go:29.2,29.19 1 2
github.com/mlange-42/bbn/internal/tui/bounds.go:29.19,32.3 2 1
github.com/mlange-42/bbn/internal/tui/bounds.go:33.2,33.31 1 2
github.com/mlange-42/bbn/internal/tui/bounds.go:33.31,35.3 1 2
github.com/mlange-42/bbn/internal/tui/bounds.go:36.2,36.31 1 2
github.com/mlange-42/bbn/internal/tui/bounds.go:36.31,38.3 1 2
github.com/mlange-42/bbn/internal/tui/input.go:16.69,17.33 1 0
github.com/mlange-42/bbn/internal/tui/input.go:17.33,21.3 2 0
github.com/mlange-42/bbn/internal/tui/input.go:21.8,21.40 1 0
github.com/mlange-42/bbn/internal/tui/input.go:21.40,25.3 2 0
github.com/mlange-42/bbn/internal/tui/input.go:25.8,25.44 1 0
github.com/mlange-42/bbn/internal/tui/input.go:25.44,29.3 2 0
github.com/mlange-42/bbn/internal/tui/input.go:29.8,29.32 1 0
github.com/mlange-42/bbn/internal/tui/input.go:29.32,34.3 3 0
github.com/mlange-42/bbn/internal/tui/input.go:34.8,34.42 1 0
github.com/mlange-42/bbn/internal/tui/input.go:34.42,38.3 2 0
github.com/mlange-42/bbn/internal/tui/input.go:38.8,38.42 1 0
github.com/mlange-42/bbn/internal/tui/input.go:38.42,40.40 1 0
github.com/mlange-42/bbn/internal/tui/input.go:40.40,41.14 1 0
github.com/mlange-42/bbn/internal/tui/input.go:43.3,44.13 2 0
github.com/mlange-42/bbn/internal/tui/input.go:45.8,45.32 1 0
github.com/mlange-42/bbn/internal/tui/input.go:45.32,48.3 2 0
github.com/mlange-42/bbn/internal/tui/input.go:48.8,48.32 1 0
github.com/mlange-42/bbn/internal/tui/input.go:48.32,51.3 2 0
github.com/mlange-42/bbn/internal/tui/input.go:51.8,51.32 1 0
github.com/mlange-42/bbn/internal/tui/input.go:51.32,54.3 2 0
github.com/mlange-42/bbn/internal/tui/input.go:54.8,54.32 1 0
github.com/mlange-42/bbn/internal/tui/input.go:54.32,57.3 2 0
github.com/mlange-42/bbn/internal/tui/input.go:57.8,57.42 1 0
github.com/mlange-42/bbn/internal/tui/input.go:57.42,60.3 2 0
github.com/mlange-42/bbn/internal/tui/input.go:60.8,62.3 1 0
github.com/mlange-42/bbn/internal/tui/input.go:65.36,68.22 2 0
github.com/mlange-42/bbn/internal/tui/input.go:68.22,70.3 1 0
github.com/mlange-42/bbn/internal/tui/input.go:70.8,72.3 1 0
github.com/mlange-42/bbn/internal/tui/input.go:74.2,75.16 2 0
github.com/mlange-42/bbn/internal/tui/input.go:78.29,80.16 2 0
github.com/mlange-42/bbn/internal/tui/input.go:80.16,81.13 1 0
github.com/mlange-42/bbn/internal/tui/input.go:84.2,88.16 4 0
github.com/mlange-42/bbn/internal/tui/input.go:88.16,89.13 1 0
github.com/mlange-42/bbn/internal/tui/input.go:93.63,98.25 4 0
github.com/mlange-42/bbn/internal/tui/input.go:98.25,99.26 1 0
github.com/mlange-42/bbn/internal/tui/input.go:99.26,101.4 1 0
github.com/mlange-42/bbn/internal/tui/input.go:102.8,102.32 1 0
github.com/mlange-42/bbn/internal/tui/input.go:102.32,103.26 1 0
github.com/mlange-42/bbn/internal/tui/input.go:103.26,105.4 1 0
github.com/mlange-42/bbn/internal/tui/input.go:106.8,106.32 1 0
github.com/mlange-42/bbn/internal/tui/input.go:106.32,108.55 2 0
github.com/mlange-42/bbn/internal/tui/input.go:108.55,110.4 1 0
github.com/mlange-42/bbn/internal/tui/input.go:111.8,111.32 1 0
github.com/mlange-42/bbn/internal/tui/input.go:111.32,113.58 2 0
github.com/mlange-42/bbn/internal/tui/input.go:113.58,115.4 1 0
github.com/mlange-42/bbn/internal/tui/input.go:117.2,117.24 1 0
github.com/mlange-42/bbn/internal/tui/input.go:117.24,125.19 6 0
github.com/mlange-42/bbn/internal/tui/input.go:125.19,127.4 1 0
github.com/mlange-42/bbn/internal/tui/input.go:129.3,130.13 2 0
github.com/mlange-42/bbn/internal/tui/input.go:132.2,132.14 1 0
github.com/mlange-42/bbn/internal/tui/input.go:136.34,138.44 2 0
github.com/mlange-42/bbn/internal/tui/input.go:138.44,140.3 1 0
github.com/mlange-42/bbn/internal/tui/input.go:142.2,145.54 2 0
github.com/mlange-42/bbn/internal/tui/input.go:145.54,146.24 1 0
github.com/mlange-42/bbn/internal/tui/input.go:146.24,148.4 1 0
github.com/mlange-42/bbn/internal/tui/input.go:148.9,150.4 1 0
github.com/mlange-42/bbn/internal/tui/input.go:151.8,153.3 1 0
github.com/mlange-42/bbn/internal/tui/input.go:155.2,155.28 1 0
github.com/mlange-42/bbn/internal/tui/input.go:158.39,161.16 3 0
github.com/mlange-42/bbn/internal/tui/input.go:161.16,163.3 1 0
github.com/mlange-42/bbn/internal/tui/input.go:164.2,164.12 1 0
github.com/mlange-42/bbn/internal/tui/input.go:167.27,178.2 7 0
github.com/mlange-42/bbn/internal/tui/input.go:180.26,183.2 2 0
github.com/mlange-42/bbn/internal/tui/input.go:185.26,188.2 2 0
github.com/mlange-42/bbn/internal/tui/input.go:190.121,191.71 1 0
github.com/mlange-42/bbn/internal/tui/input.go:191.71,193.23 2 0
github.com/mlange-42/bbn/internal/tui/input.go:193.23,196.4 2 0
github.com/mlange-42/bbn/internal/tui/input.go:196.9,196.29 1 0
github.com/mlange-42/bbn/internal/tui/input.go:196.29,199.4 2 0
github.com/mlange-42/bbn/internal/tui/input.go:199.9,199.29 1 0
github.com/mlange-42/bbn/internal/tui/input.go:199.29,202.4 2 0
github.com/mlange-42/bbn/internal/tui/input.go:205.2,205.36 1 0
github.com/mlange-42/bbn/internal/tui/input.go:205.36,207.32 2 0
github.com/mlange-42/bbn/internal/tui/input.go:207.32,208.36 1 0
github.com/mlange-42/bbn/internal/tui/input.go:208.36,210.54 2 0
github.com/mlange-42/bbn/internal/tui/input.go:210.54,212.43 2 0
github.com/mlange-42/bbn/internal/tui/input.go:212.43,213.17 1 0
github.com/mlange-42/bbn/internal/tui/input.go:216.5,217.10 2 0
github.com/mlange-42/bbn/internal/tui/input.go:220.3,220.34 1 0
github.com/mlange-42/bbn/internal/tui/input.go:221.8,221.44 1 0
github.com/mlange-42/bbn/internal/tui/input.go:221.44,223.32 2 0
github.com/mlange-42/bbn/internal/tui/input.go:223.32,224.36 1 0
github.com/mlange-42/bbn/internal/tui/input.go:224.36,228.10 4 0
github.com/mlange-42/bbn/internal/tui/input.go:231.3,231.34 1 0
github.com/mlange-42/bbn/internal/tui/input.go:234.2,234.22 1 0
github.com/mlange-42/bbn/internal/tui/input.go:237.121,238.71 1 0
github.com/mlange-42/bbn/internal/tui/input.go:238.71,241.3 2 0
github.com/mlange-42/bbn/internal/tui/input.go:242.2,242.22 1 0
github.com/mlange-42/bbn/internal/tui/input.go:245.120,246.71 1 0
github.com/mlange-42/bbn/internal/tui/input.go:246.71,249.3 2 0
github.com/mlange-42/bbn/internal/tui/input.go:250.2,250.22 1 0
github.com/mlange-42/bbn/internal/tui/input.go:253.120,254.71 1 0
github.com/mlange-42/bbn/internal/tui/input.go:254.71,257.3 2 0
github.com/mlange-42/bbn/internal/tui/input.go:258.2,258.22 1 0
github.com/mlange-42/bbn/internal/tui/input.go:261.65,262.66 1 0
github.com/mlange-42/bbn/internal/tui/input.go:262.66,265.3 2 0
github.com/mlange-42/bbn/internal/tui/input.go:266.2,266.14 1 0
github.com/mlange-42/bbn/internal/tui/input.go:269.64,270.66 1 0
github.com/mlange-42/bbn/internal/tui/input.go:270.66,273.3 2 0
github.com/mlange-42/bbn/internal/tui/input.go:274.2,274.14 1 0
github.com/mlange-42/bbn/internal/tui/input.go:277.64,278.66 1 0
github.com/mlange-42/bbn/internal/tui/input.go:278.66,281.3 2 0
github.com/mlange-42/bbn/internal/tui/input.go:282.2,282.14 1 0
github.com/mlange-42/bbn/internal/tui/input.go:285.52,289.2 3 0
github.com/mlange-42/bbn/internal/tui/input.go:291.32,295.2 3 0
github.com/mlange-42/bbn/internal/tui/input.go:297.36,299.24 2 0
github.com/mlange-42/bbn/internal/tui/input.go:299.24,301.3 1 0
github.com/mlange-42/bbn/internal/tui/input.go:302.2,303.16 2 0
github.com/mlange-42/bbn/internal/tui/input.go:306.47,308.16 2 0
github.com/mlange-42/bbn/internal/tui/input.go:308.16,309.13 1 0
github.com/mlange-42/bbn/internal/tui/input.go:311.2,312.68 2 0
github.com/mlange-42/bbn/internal/tui/input.go:312.68,315.3 2 0
github.com/mlange-42/bbn/internal/tui/node.go:33.35,35.35 2 1
github.com/mlange-42/bbn/internal/tui/node.go:35.35,37.24 2 3
github.com/mlange-42/bbn/internal/tui/node.go:37.24,39.4 1 2
github.com/mlange-42/bbn/internal/tui/node.go:41.2,41.38 1 1
github.com/mlange-42/bbn/internal/tui/node.go:41.38,43.3 1 0
github.com/mlange-42/bbn/internal/tui/node.go:44.2,46.34 3 1
github.com/mlange-42/bbn/internal/tui/node.go:46.34,48.3 1 0
github.com/mlange-42/bbn/internal/tui/node.go:50.2,57.34 2 1
github.com/mlange-42/bbn/internal/tui/node.go:57.34,59.3 1 0
github.com/mlange-42/bbn/internal/tui/node.go:61.2,62.16 2 1
github.com/mlange-42/bbn/internal/tui/node.go:62.16,63.13 1 0
github.com/mlange-42/bbn/internal/tui/node.go:66.2,68.23 3 1
github.com/mlange-42/bbn/internal/tui/node.go:68.23,71.27 3 6
github.com/mlange-42/bbn/internal/tui/node.go:71.27,73.4 1 168
github.com/mlange-42/bbn/internal/tui/node.go:74.3,74.28 1 6
github.com/mlange-42/bbn/internal/tui/node.go:74.28,76.4 1 168
github.com/mlange-42/bbn/internal/tui/node.go:79.2,91.14 5 1
github.com/mlange-42/bbn/internal/tui/node.go:94.48,96.19 2 1
github.com/mlange-42/bbn/internal/tui/node.go:96.19,97.21 1 1
github.com/mlange-42/bbn/internal/tui/node.go:98.22,99.17 1 1
github.com/mlange-42/bbn/internal/tui/node.go:100.23,101.17 1 0
github.com/mlange-42/bbn/internal/tui/node.go:102.24,103.16 1 0
github.com/mlange-42/bbn/internal/tui/node.go:105.8,108.10 3 0
github.com/mlange-42/bbn/internal/tui/node.go:108.10,110.4 1 0
github.com/mlange-42/bbn/internal/tui/node.go:112.2,112.19 1 1
github.com/mlange-42/bbn/internal/tui/node.go:115.37,117.2 1 0
github.com/mlange-42/bbn/internal/tui/node.go:119.33,121.2 1 0
github.com/mlange-42/bbn/internal/tui/node.go:123.103,125.39 2 1
github.com/mlange-42/bbn/internal/tui/node.go:125.39,127.3 1 0
github.com/mlange-42/bbn/internal/tui/node.go:127.8,129.3 1 1
github.com/mlange-42/bbn/internal/tui/node.go:130.2,130.26 1 1
github.com/mlange-42/bbn/internal/tui/node.go:133.54,134.30 1 0
github.com/mlange-42/bbn/internal/tui/node.go:134.30,136.3 1 0
github.com/mlange-42/bbn/internal/tui/node.go:137.2,137.33 1 0
github.com/mlange-42/bbn/internal/tui/node.go:137.33,138.26 1 0
github.com/mlange-42/bbn/internal/tui/node.go:138.26,140.4 1 0
github.com/mlange-42/bbn/internal/tui/node.go:142.2,142.18 1 0
github.com/mlange-42/bbn/internal/tui/node.go:145.42,147.14 2 2
github.com/mlange-42/bbn/internal/tui/node.go:147.14,149.3 1 1
github.com/mlange-42/bbn/internal/tui/node.go:151.2,155.36 5 2
github.com/mlange-42/bbn/internal/tui/node.go:155.36,158.3 2 52
github.com/mlange-42/bbn/internal/tui/node.go:159.2,159.36 1 2
github.com/mlange-42/bbn/internal/tui/node.go:159.36,162.3 2 8
github.com/mlange-42/bbn/internal/tui/node.go:165.28,169.40 3 1
github.com/mlange-42/bbn/internal/tui/node.go:169.40,171.3 1 0
github.com/mlange-42/bbn/internal/tui/node.go:171.8,171.46 1 1
github.com/mlange-42/bbn/internal/tui/node.go:171.46,173.3 1 0
github.com/mlange-42/bbn/internal/tui/node.go:176.34,177.40 1 1
github.com/mlange-42/bbn/internal/tui/node.go:177.40,179.3 1 3
github.com/mlange-42/bbn/internal/tui/node.go:180.2,180.39 1 1
github.com/mlange-42/bbn/internal/tui/node.go:180.39,182.3 1 0
github.com/mlange-42/bbn/internal/tui/node.go:185.83,186.26 1 1
github.com/mlange-42/bbn/internal/tui/node.go:186.26,188.21 2 3
github.com/mlange-42/bbn/internal/tui/node.go:188.21,190.4 1 3
github.com/mlange-42/bbn/internal/tui/node.go:191.3,191.34 1 3
github.com/mlange-42/bbn/internal/tui/node.go:191.34,193.4 1 10
github.com/mlange-42/bbn/internal/tui/node.go:194.3,195.18 2 3
github.com/mlange-42/bbn/internal/tui/node.go:195.18,198.4 2 0
github.com/mlange-42/bbn/internal/tui/node.go:200.3,200.40 1 3
github.com/mlange-42/bbn/internal/tui/node.go:200.40,202.4 1 20
github.com/mlange-42/bbn/internal/tui/node.go:203.3,204.20 2 3
github.com/mlange-42/bbn/internal/tui/node.go:204.20,206.4 1 0
github.com/mlange-42/bbn/internal/tui/node.go:206.9,208.4 1 3
github.com/mlange-42/bbn/internal/tui/node.go:210.3,212.29 2 3
github.com/mlange-42/bbn/internal/tui/node.go:212.29,215.4 2 1
github.com/mlange-42/bbn/internal/tui/node.go:215.9,215.22 1 2
github.com/mlange-42/bbn/internal/tui/node.go:215.22,218.4 2 0
github.com/mlange-42/bbn/internal/tui/node.go:218.9,221.4 2 2
github.com/mlange-42/bbn/internal/tui/node.go:225.45,226.26 1 0
github.com/mlange-42/bbn/internal/tui/node.go:226.26,228.20 2 0
github.com/mlange-42/bbn/internal/tui/node.go:228.20,230.4 1 0
github.com/mlange-42/bbn/internal/tui/node.go:230.9,232.4 1 0
github.com/mlange-42/bbn/internal/tui/node.go:233.3,233.39 1 0
github.com/mlange-42/bbn/internal/tui/render.go:7.37,8.15 1 0
github.com/mlange-42/bbn/internal/tui/render.go:8.15,11.3 2 0
github.com/mlange-42/bbn/internal/tui/render.go:12.2,13.18 2 0
github.com/mlange-42/bbn/internal/tui/render.go:16.29,17.31 1 0
github.com/mlange-42/bbn/internal/tui/render.go:17.31,22.30 5 0
github.com/mlange-42/bbn/internal/tui/render.go:22.30,25.4 2 0
github.com/mlange-42/bbn/internal/tui/render.go:29.29,30.31 1 0
github.com/mlange-42/bbn/internal/tui/render.go:30.31,31.46 1 0
github.com/mlange-42/bbn/internal/tui/render.go:31.46,34.4 2 0
github.com/mlange-42/bbn/internal/tui/render.go:38.40,44.14 5 0
github.com/mlange-42/bbn/internal/tui/render.go:44.14,45.16 1 0
github.com/mlange-42/bbn/internal/tui/render.go:45.16,47.4 1 0
github.com/mlange-42/bbn/internal/tui/render.go:48.8,48.21 1 0
github.com/mlange-42/bbn/internal/tui/render.go:48.21,49.16 1 0
github.com/mlange-42/bbn/internal/tui/render.go:49.16,51.4 1 0
github.com/mlange-42/bbn/internal/tui/render.go:52.8,54.3 1 0
github.com/mlange-42/bbn/internal/tui/render.go:57.50,59.17 2 0
github.com/mlange-42/bbn/internal/tui/render.go:59.17,60.39 1 0
github.com/mlange-42/bbn/internal/tui/render.go:60.39,62.4 1 0
github.com/mlange-42/bbn/internal/tui/render.go:63.3,63.37 1 0
github.com/mlange-42/bbn/internal/tui/render.go:64.8,65.39 1 0
github.com/mlange-42/bbn/internal/tui/render.go:65.39,67.4 1 0
github.com/mlange-42/bbn/internal/tui/render.go:68.3,68.38 1 0
github.com/mlange-42/bbn/internal/tui/render.go:72.52,74.17 2 0
github.com/mlange-42/bbn/internal/tui/render.go:74.17,75.39 1 0
github.com/mlange-42/bbn/internal/tui/render.go:75.39,77.4 1 0
github.com/mlange-42/bbn/internal/tui/render.go:78.3,78.38 1 0
github.com/mlange-42/bbn/internal/tui/render.go:79.8,80.39 1 0
github.com/mlange-42/bbn/internal/tui/render.go:80.39,82.4 1 0
github.com/mlange-42/bbn/internal/tui/render.go:83.3,83.40 1 0
github.com/mlange-42/bbn/internal/tui/render.go:87.48,92.15 4 0
github.com/mlange-42/bbn/internal/tui/render.go:92.15,94.3 1 0
github.com/mlange-42/bbn/internal/tui/render.go:95.2,96.16 2 0
github.com/mlange-42/bbn/internal/tui/render.go:96.16,97.39 1 0
github.com/mlange-42/bbn/internal/tui/render.go:97.39,99.4 1 0
github.com/mlange-42/bbn/internal/tui/render.go:100.3,101.16 2 0
github.com/mlange-42/bbn/internal/tui/render.go:101.16,103.4 1 0
github.com/mlange-42/bbn/internal/tui/render.go:103.9,105.4 1 0
github.com/mlange-42/bbn/internal/tui/render.go:106.8,107.42 1 0
github.com/mlange-42/bbn/internal/tui/render.go:107.42,109.4 1 0
github.com/mlange-42/bbn/internal/tui/render.go:110.3,111.16 2 0
github.com/mlange-42/bbn/internal/tui/render.go:111.16,113.4 1 0
github.com/mlange-42/bbn/internal/tui/render.go:113.9,115.4 1 0
github.com/mlange-42/bbn/internal/tui/render.go:118.2,118.15 1 0
github.com/mlange-42/bbn/internal/tui/render.go:118.15,119.38 1 0
github.com/mlange-42/bbn/internal/tui/render.go:119.38,121.4 1 0
github.com/mlange-42/bbn/internal/tui/render.go:122.3,122.39 1 0
github.com/mlange-42/bbn/internal/tui/render.go:123.8,124.43 1 0
github.com/mlange-42/bbn/internal/tui/render.go:124.43,126.4 1 0
github.com/mlange-42/bbn/internal/tui/render.go:127.3,127.40 1 0
github.com/mlange-42/bbn/internal/tui/render.go:131.29,132.26 1 0
github.com/mlange-42/bbn/internal/tui/render.go:132.26,133.30 1 0
github.com/mlange-42/bbn/internal/tui/render.go:133.30,136.4 2 0
github.com/mlange-42/bbn/internal/tui/render.go:140.30,143.33 3 0
github.com/mlange-42/bbn/internal/tui/render.go:143.33,146.27 2 0
github.com/mlange-42/bbn/internal/tui/render.go:146.27,148.22 2 0
github.com/mlange-42/bbn/internal/tui/render.go:148.22,150.5 1 0
github.com/mlange-42/bbn/internal/tui/render.go:151.4,152.17 2 0
github.com/mlange-42/bbn/internal/tui/render.go:154.3,156.26 2 0
github.com/mlange-42/bbn/internal/tui/render.go:156.26,158.4 1 0
github.com/mlange-42/bbn/internal/tui/render.go:160.2,160.35 1 0
github.com/mlange-42/bbn/internal/tui/solve.go:11.127,14.26 2 0
github.com/mlange-42/bbn/internal/tui/solve.go:14.26,15.42 1 0
github.com/mlange-42/bbn/internal/tui/solve.go:15.42,16.12 1 0
github.com/mlange-42/bbn/internal/tui/solve.go:18.3,18.43 1 0
github.com/mlange-42/bbn/internal/tui/solve.go:18.43,19.12 1 0
github.com/mlange-42/bbn/internal/tui/solve.go:21.3,21.43 1 0
github.com/mlange-42/bbn/internal/tui/solve.go:25.2,27.16 3 0
github.com/mlange-42/bbn/internal/tui/solve.go:27.16,29.3 1 0
github.com/mlange-42/bbn/internal/tui/solve.go:31.2,32.16 2 0
github.com/mlange-42/bbn/internal/tui/solve.go:32.16,34.3 1 0
github.com/mlange-42/bbn/internal/tui/solve.go:36.2,37.16 2 0
github.com/mlange-42/bbn/internal/tui/solve.go:37.16,39.3 1 0
github.com/mlange-42/bbn/internal/tui/solve.go:41.2,41.20 1 0
github.com/mlange-42/bbn/internal/tui/solve.go:44.105,45.40 1 0
github.com/mlange-42/bbn/internal/tui/solve.go:45.40,47.17 2 0
github.com/mlange-42/bbn/internal/tui/solve.go:47.17,49.4 1 0
github.com/mlange-42/bbn/internal/tui/solve.go:50.3,50.23 1 0
github.com/mlange-42/bbn/internal/tui/solve.go:52.2,52.12 1 0
github.com/mlange-42/bbn/internal/tui/solve.go:55.154,57.16 2 0
github.com/mlange-42/bbn/internal/tui/solve.go:57.16,59.3 1 0
github.com/mlange-42/bbn/internal/tui/solve.go:60.2,61.24 2 0
github.com/mlange-42/bbn/internal/tui/solve.go:61.24,63.3 1 0
github.com/mlange-42/bbn/internal/tui/solve.go:65.2,65.28 1 0
github.com/mlange-42/bbn/internal/tui/solve.go:65.28,67.17 2 0
github.com/mlange-42/bbn/internal/tui/solve.go:67.17,69.4 1 0
github.com/mlange-42/bbn/internal/tui/solve.go:70.3,72.10 3 0
github.com/mlange-42/bbn/internal/tui/solve.go:72.10,73.60 1 0
github.com/mlange-42/bbn/internal/tui/solve.go:76.2,76.23 1 0
github.com/mlange-42/bbn/internal/tui/solve.go:79.158,83.26 3 0
github.com/mlange-42/bbn/internal/tui/solve.go:83.26,84.39 1 0
github.com/mlange-42/bbn/internal/tui/solve.go:84.39,86.12 2 0
github.com/mlange-42/bbn/internal/tui/solve.go:88.3,88.42 1 0
github.com/mlange-42/bbn/internal/tui/solve.go:88.42,90.4 1 0
github.com/mlange-42/bbn/internal/tui/solve.go:93.2,94.16 2 0
github.com/mlange-42/bbn/internal/tui/solve.go:94.16,96.3 1 0
github.com/mlange-42/bbn/internal/tui/solve.go:98.2,99.24 2 0
github.com/mlange-42/bbn/internal/tui/solve.go:99.24,101.3 1 0
github.com/mlange-42/bbn/internal/tui/solve.go:103.2,105.30 2 0
github.com/mlange-42/bbn/internal/tui/solve.go:105.30,107.17 2 0
github.com/mlange-42/bbn/internal/tui/solve.go:107.17,109.4 1 0
github.com/mlange-42/bbn/internal/tui/solve.go:110.3,111.25 2 0
github.com/mlange-42/bbn/internal/tui/solve.go:111.25,113.4 1 0
github.com/mlange-42/bbn/internal/tui/solve.go:115.3,117.51 2 0
github.com/mlange-42/bbn/internal/tui/solve.go:120.2,120.29 1 0
github.com/mlange-42/bbn/internal/tui/solve.go:120.29,122.51 2 0
github.com/mlange-42/bbn/internal/tui/solve.go:122.51,125.4 2 0
github.com/mlange-42/bbn/internal/tui/solve.go:126.3,127.39 2 0
github.com/mlange-42/bbn/internal/tui/solve.go:130.2,130.12 1 0
github.com/mlange-42/bbn/internal/tui/table.go:19.74,34.2 6 0
github.com/mlange-42/bbn/internal/tui/table.go:36.59,37.14 1 0
github.com/mlange-42/bbn/internal/tui/table.go:37.14,42.3 4 0
github.com/mlange-42/bbn/internal/tui/table.go:43.2,48.44 4 0
github.com/mlange-42/bbn/internal/tui/table.go:48.44,50.63 2 0
github.com/mlange-42/bbn/internal/tui/table.go:50.63,54.4 3 0
github.com/mlange-42/bbn/internal/tui/table.go:55.3,59.14 5 0
github.com/mlange-42/bbn/internal/tui/table.go:62.2,66.44 3 0
github.com/mlange-42/bbn/internal/tui/table.go:66.44,68.3 1 0
github.com/mlange-42/bbn/internal/tui/table.go:68.8,70.28 2 0
github.com/mlange-42/bbn/internal/tui/table.go:70.28,72.4 1 0
github.com/mlange-42/bbn/internal/tui/table.go:73.3,73.67 1 0
github.com/mlange-42/bbn/internal/tui/table.go:76.2,78.13 3 0
github.com/mlange-42/bbn/internal/tui/table.go:81.35,83.2 1 0
github.com/mlange-42/bbn/internal/tui/table.go:85.38,87.2 1 0
github.com/mlange-42/bbn/internal/tui/training.go:16.122,18.16 2 0
github.com/mlange-42/bbn/internal/tui/training.go:18.16,20.3 1 0
github.com/mlange-42/bbn/internal/tui/training.go:21.2,28.16 6 0
github.com/mlange-42/bbn/internal/tui/training.go:28.16,30.3 1 0
github.com/mlange-42/bbn/internal/tui/training.go:32.2,33.16 2 0
github.com/mlange-42/bbn/internal/tui/training.go:33.16,35.3 1 0
github.com/mlange-42/bbn/internal/tui/training.go:37.2,41.6 4 0
github.com/mlange-42/bbn/internal/tui/training.go:41.6,43.20 2 0
github.com/mlange-42/bbn/internal/tui/training.go:43.20,44.9 1 0
github.com/mlange-42/bbn/internal/tui/training.go:46.3,46.17 1 0
github.com/mlange-42/bbn/internal/tui/training.go:46.17,48.4 1 0
github.com/mlange-42/bbn/internal/tui/training.go:50.3,50.31 1 0
github.com/mlange-42/bbn/internal/tui/training.go:50.31,51.20 1 0
github.com/mlange-42/bbn/internal/tui/training.go:51.20,53.30 2 0
github.com/mlange-42/bbn/internal/tui/training.go:53.30,55.6 1 0
github.com/mlange-42/bbn/internal/tui/training.go:56.5,57.19 2 0
github.com/mlange-42/bbn/internal/tui/training.go:57.19,59.6 1 0
github.com/mlange-42/bbn/internal/tui/training.go:61.10,64.12 3 0
github.com/mlange-42/bbn/internal/tui/training.go:64.12,66.6 1 0
github.com/mlange-42/bbn/internal/tui/training.go:69.3,69.35 1 0
github.com/mlange-42/bbn/internal/tui/training.go:72.2,72.30 1 0
github.com/mlange-42/bbn/internal/tui/training.go:75.140,79.29 4 0
github.com/mlange-42/bbn/internal/tui/training.go:79.29,81.14 2 0
github.com/mlange-42/bbn/internal/tui/training.go:81.14,84.4 2 0
github.com/mlange-42/bbn/internal/tui/training.go:85.3,88.35 3 0
github.com/mlange-42/bbn/internal/tui/training.go:88.35,89.19 1 0
github.com/mlange-42/bbn/internal/tui/training.go:89.19,92.5 2 0
github.com/mlange-42/bbn/internal/tui/training.go:93.4,93.22 1 0
github.com/mlange-42/bbn/internal/tui/training.go:95.3,97.49 2 0
github.com/mlange-42/bbn/internal/tui/training.go:99.2,99.8 1 0
github.com/mlange-42/bbn/internal/tui/util.go:8.66,10.33 2 2
github.com/mlange-42/bbn/internal/tui/util.go:10.33,12.22 2 4
github.com/mlange-42/bbn/internal/tui/util.go:12.22,14.4 1 1
github.com/mlange-42/bbn/internal/tui/util.go:15.3,15.26 1 3
github.com/mlange-42/bbn/internal/tui/util.go:17.2,17.16 1 1
github.com/mlange-42/bbn/cmd/bbn/inference.go:13.36,23.68 2 0
github.com/mlange-42/bbn/cmd/bbn/inference.go:23.68,25.4 1 0
github.com/mlange-42/bbn/cmd/bbn/inference.go:26.55,28.18 2 0
github.com/mlange-42/bbn/cmd/bbn/inference.go:28.18,30.5 1 0
github.com/mlange-42/bbn/cmd/bbn/inference.go:32.4,32.31 1 0
github.com/mlange-42/bbn/cmd/bbn/inference.go:32.31,35.30 3 0
github.com/mlange-42/bbn/cmd/bbn/inference.go:35.30,37.6 1 0
github.com/mlange-42/bbn/cmd/bbn/inference.go:38.5,40.29 3 0
github.com/mlange-42/bbn/cmd/bbn/inference.go:40.29,41.41 1 0
github.com/mlange-42/bbn/cmd/bbn/inference.go:41.41,43.7 1 0
github.com/mlange-42/bbn/cmd/bbn/inference.go:43.12,45.7 1 0
github.com/mlange-42/bbn/cmd/bbn/inference.go:47.5,47.35 1 0
github.com/mlange-42/bbn/cmd/bbn/inference.go:47.35,49.6 1 0
github.com/mlange-42/bbn/cmd/bbn/inference.go:50.5,50.18 1 0
github.com/mlange-42/bbn/cmd/bbn/inference.go:53.4,53.14 1 0
github.com/mlange-42/bbn/cmd/bbn/inference.go:56.2,60.14 3 0
github.com/mlange-42/bbn/cmd/bbn/inference.go:63.123,65.16 2 1
github.com/mlange-42/bbn/cmd/bbn/inference.go:65.16,67.3 1 0
github.com/mlange-42/bbn/cmd/bbn/inference.go:69.2,70.16 2 1
github.com/mlange-42/bbn/cmd/bbn/inference.go:70.16,72.3 1 0
github.com/mlange-42/bbn/cmd/bbn/inference.go:74.2,76.26 3 1
github.com/mlange-42/bbn/cmd/bbn/inference.go:76.26,78.3 1 3
github.com/mlange-42/bbn/cmd/bbn/inference.go:80.2,81.16 2 1
github.com/mlange-42/bbn/cmd/bbn/inference.go:81.16,83.3 1 0
github.com/mlange-42/bbn/cmd/bbn/inference.go:85.2,86.16 2 1
github.com/mlange-42/bbn/cmd/bbn/inference.go:86.16,88.3 1 0
github.com/mlange-42/bbn/cmd/bbn/inference.go:90.2,90.31 1 1
github.com/mlange-42/bbn/cmd/bbn/main.go:10.13,11.48 1 0
github.com/mlange-42/bbn/cmd/bbn/main.go:11.48,15.3 3 0
github.com/mlange-42/bbn/cmd/bbn/main.go:19.35,26.68 1 0
github.com/mlange-42/bbn/cmd/bbn/main.go:26.68,28.4 1 0
github.com/mlange-42/bbn/cmd/bbn/main.go:29.48,31.4 1 0
github.com/mlange-42/bbn/cmd/bbn/main.go:33.2,36.14 3 0
github.com/mlange-42/bbn/cmd/bbn/train.go:12.36,23.68 3 0
github.com/mlange-42/bbn/cmd/bbn/train.go:23.68,25.4 1 0
github.com/mlange-42/bbn/cmd/bbn/train.go:26.55,31.28 4 0
github.com/mlange-42/bbn/cmd/bbn/train.go:31.28,33.5 1 0
github.com/mlange-42/bbn/cmd/bbn/train.go:35.4,36.18 2 0
github.com/mlange-42/bbn/cmd/bbn/train.go:36.18,38.5 1 0
github.com/mlange-42/bbn/cmd/bbn/train.go:40.4,42.18 3 0
github.com/mlange-42/bbn/cmd/bbn/train.go:42.18,44.5 1 0
github.com/mlange-42/bbn/cmd/bbn/train.go:46.4,47.18 2 0
github.com/mlange-42/bbn/cmd/bbn/train.go:47.18,49.5 1 0
github.com/mlange-42/bbn/cmd/bbn/train.go:51.4,52.14 2 0
github.com/mlange-42/bbn/cmd/bbn/train.go:56.2,61.14 4 0
